app/build/intermediates/manifest_merge_blame_file/debug/manifest-merger-blame-debug-report.txt
1<?xml version="1.0" encoding="utf-8"?>
2<manifest xmlns:android="http://schemas.android.com/apk/res/android"
3    package="com.android.gl2jni" >
4
5    <uses-sdk
6        android:minSdkVersion="14"
6-->src\main\AndroidManifest.xml
7        android:targetSdkVersion="28" />
7-->src\main\AndroidManifest.xml
8
9    <uses-feature android:glEsVersion="0x00020000" />
9-->src\main\AndroidManifest.xml:4:3-51
9-->src\main\AndroidManifest.xml:4:17-49
10
11    <application
11-->src\main\AndroidManifest.xml:5:3-19:17
12        android:allowBackup="false"
12-->src\main\AndroidManifest.xml:6:7-34
13        android:fullBackupContent="false"
13-->src\main\AndroidManifest.xml:7:7-40
14        android:icon="@mipmap/ic_launcher"
14-->src\main\AndroidManifest.xml:8:7-41
15        android:label="@string/gl2jni_activity"
15-->src\main\AndroidManifest.xml:9:7-46
16        android:testOnly="true" >
17        <activity
17-->src\main\AndroidManifest.xml:10:5-18:16
18            android:name="com.android.gl2jni.GL2JNIActivity"
18-->src\main\AndroidManifest.xml:10:15-44
19            android:configChanges="orientation|keyboardHidden"
19-->src\main\AndroidManifest.xml:13:15-65
20            android:launchMode="singleTask"
20-->src\main\AndroidManifest.xml:12:15-46
21            android:theme="@android:style/Theme.NoTitleBar.Fullscreen" >
21-->src\main\AndroidManifest.xml:11:15-73
22            <intent-filter>
22-->src\main\AndroidManifest.xml:14:7-17:23
23                <action android:name="android.intent.action.MAIN" />
23-->src\main\AndroidManifest.xml:15:9-61
23-->src\main\AndroidManifest.xml:15:17-58
24
25                <category android:name="android.intent.category.LAUNCHER" />
25-->src\main\AndroidManifest.xml:16:9-69
25-->src\main\AndroidManifest.xml:16:19-66
26            </intent-filter>
27        </activity>
28    </application>
29
30</manifest>